{"/Users/pianco/projects/community/tests-with-jest/src/presentation/controllers/login.ts": {"path":"/Users/pianco/projects/community/tests-with-jest/src/presentation/controllers/login.ts","statementMap":{"0":{"start":{"line":1,"column":0},"end":{"line":1,"column":67}},"1":{"start":{"line":4,"column":0},"end":{"line":4,"column":51}},"2":{"start":{"line":6,"column":0},"end":{"line":6,"column":67}},"3":{"start":{"line":11,"column":4},"end":{"line":11,"column":null}},"4":{"start":{"line":15,"column":29},"end":{"line":15,"column":50}},"5":{"start":{"line":17,"column":4},"end":{"line":21,"column":null}},"6":{"start":{"line":18,"column":6},"end":{"line":20,"column":null}},"7":{"start":{"line":19,"column":8},"end":{"line":19,"column":null}},"8":{"start":{"line":22,"column":22},"end":{"line":22,"column":38}},"9":{"start":{"line":23,"column":25},"end":{"line":23,"column":60}},"10":{"start":{"line":25,"column":4},"end":{"line":27,"column":null}},"11":{"start":{"line":26,"column":6},"end":{"line":26,"column":null}},"12":{"start":{"line":7,"column":0},"end":{"line":7,"column":13}}},"fnMap":{"0":{"name":"(anonymous_0)","decl":{"start":{"line":10,"column":2},"end":{"line":10,"column":15}},"loc":{"start":{"line":10,"column":45},"end":{"line":12,"column":3}}},"1":{"name":"(anonymous_1)","decl":{"start":{"line":14,"column":9},"end":{"line":14,"column":14}},"loc":{"start":{"line":14,"column":47},"end":{"line":28,"column":3}}}},"branchMap":{"0":{"loc":{"start":{"line":18,"column":6},"end":{"line":20,"column":null}},"type":"if","locations":[{"start":{"line":18,"column":6},"end":{"line":20,"column":null}},{"start":{"line":18,"column":6},"end":{"line":20,"column":null}}]},"1":{"loc":{"start":{"line":25,"column":4},"end":{"line":27,"column":null}},"type":"if","locations":[{"start":{"line":25,"column":4},"end":{"line":27,"column":null}},{"start":{"line":25,"column":4},"end":{"line":27,"column":null}}]}},"s":{"0":1,"1":1,"2":1,"3":3,"4":3,"5":3,"6":5,"7":2,"8":1,"9":1,"10":1,"11":1,"12":1},"f":{"0":3,"1":3},"b":{"0":[2,3],"1":[1,0]}}
,"/Users/pianco/projects/community/tests-with-jest/src/presentation/errors/invalid-params-error.ts": {"path":"/Users/pianco/projects/community/tests-with-jest/src/presentation/errors/invalid-params-error.ts","statementMap":{"0":{"start":{"line":3,"column":4},"end":{"line":3,"column":null}},"1":{"start":{"line":4,"column":4},"end":{"line":4,"column":null}},"2":{"start":{"line":1,"column":0},"end":{"line":1,"column":13}}},"fnMap":{"0":{"name":"(anonymous_0)","decl":{"start":{"line":2,"column":2},"end":{"line":2,"column":15}},"loc":{"start":{"line":2,"column":32},"end":{"line":5,"column":3}}}},"branchMap":{},"s":{"0":2,"1":2,"2":1},"f":{"0":2},"b":{}}
,"/Users/pianco/projects/community/tests-with-jest/src/presentation/errors/missing-params-error.ts": {"path":"/Users/pianco/projects/community/tests-with-jest/src/presentation/errors/missing-params-error.ts","statementMap":{"0":{"start":{"line":3,"column":4},"end":{"line":3,"column":null}},"1":{"start":{"line":4,"column":4},"end":{"line":4,"column":null}},"2":{"start":{"line":1,"column":0},"end":{"line":1,"column":13}}},"fnMap":{"0":{"name":"(anonymous_0)","decl":{"start":{"line":2,"column":2},"end":{"line":2,"column":15}},"loc":{"start":{"line":2,"column":32},"end":{"line":5,"column":3}}}},"branchMap":{},"s":{"0":4,"1":4,"2":1},"f":{"0":4},"b":{}}
,"/Users/pianco/projects/community/tests-with-jest/src/presentation/helpers/http-helper.ts": {"path":"/Users/pianco/projects/community/tests-with-jest/src/presentation/helpers/http-helper.ts","statementMap":{"0":{"start":{"line":3,"column":26},"end":{"line":6,"column":2}},"1":{"start":{"line":3,"column":59},"end":{"line":6,"column":2}},"2":{"start":{"line":3,"column":13},"end":{"line":3,"column":26}}},"fnMap":{"0":{"name":"(anonymous_0)","decl":{"start":{"line":3,"column":26},"end":{"line":3,"column":27}},"loc":{"start":{"line":3,"column":59},"end":{"line":6,"column":2}}}},"branchMap":{},"s":{"0":1,"1":3,"2":1},"f":{"0":3},"b":{}}
,"/Users/pianco/projects/community/tests-with-jest/src/utils/validators/adapters/email-validator-adapter.ts": {"path":"/Users/pianco/projects/community/tests-with-jest/src/utils/validators/adapters/email-validator-adapter.ts","statementMap":{"0":{"start":{"line":2,"column":0},"end":{"line":2,"column":33}},"1":{"start":{"line":5,"column":4},"end":{"line":5,"column":null}},"2":{"start":{"line":3,"column":0},"end":{"line":3,"column":13}}},"fnMap":{"0":{"name":"(anonymous_1)","decl":{"start":{"line":4,"column":2},"end":{"line":4,"column":9}},"loc":{"start":{"line":4,"column":24},"end":{"line":6,"column":3}}}},"branchMap":{},"s":{"0":1,"1":3,"2":1},"f":{"0":3},"b":{}}
}
